[0706/004635.385:ERROR:process_memory_win.cc(73)] ReadMemory at 0x22870ca3570 of 72 bytes failed: Only part of a ReadProcessMemory or WriteProcessMemory request was completed. (0x12B)
[0706/004636.454:WARNING:pe_image_annotations_reader.cc(134)] could not read annotations list object in C:\Program Files (x86)\Google\Chrome\Application\75.0.3770.100\chrome_elf.dll
[0706/004636.455:ERROR:process_memory_win.cc(73)] ReadMemory at 0x22870aa0000 of 64 bytes failed: Only part of a ReadProcessMemory or WriteProcessMemory request was completed. (0x12B)
[0706/004636.455:WARNING:pe_image_reader.cc(340)] could not read dos header from C:\WINDOWS\System32\IMM32.DLL
[0706/004636.456:ERROR:process_memory_win.cc(73)] ReadMemory at 0x22870fb0320 of 72 bytes failed: Only part of a ReadProcessMemory or WriteProcessMemory request was completed. (0x12B)
[0706/004636.457:WARNING:pe_image_annotations_reader.cc(134)] could not read annotations list object in C:\Program Files (x86)\Google\Chrome\Application\75.0.3770.100\chrome_child.dll
[0706/004636.457:ERROR:process_memory_win.cc(73)] ReadMemory at 0x22870cb0000 of 64 bytes failed: Only part of a ReadProcessMemory or WriteProcessMemory request was completed. (0x12B)
[0706/004636.457:WARNING:pe_image_reader.cc(340)] could not read dos header from C:\WINDOWS\System32\WS2_32.dll
[0706/004637.292:ERROR:process_memory_win.cc(73)] ReadMemory at 0x5bea7ea000 of 90112 bytes failed: Only part of a ReadProcessMemory or WriteProcessMemory request was completed. (0x12B)
[0706/004637.527:ERROR:process_memory_win.cc(73)] ReadMemory at 0x5beabfd000 of 12288 bytes failed: Only part of a ReadProcessMemory or WriteProcessMemory request was completed. (0x12B)
[0706/004637.527:ERROR:process_memory_win.cc(73)] ReadMemory at 0x5beaffc000 of 16384 bytes failed: Only part of a ReadProcessMemory or WriteProcessMemory request was completed. (0x12B)
[0706/004637.528:ERROR:process_memory_win.cc(73)] ReadMemory at 0x5beb1fb000 of 20480 bytes failed: Only part of a ReadProcessMemory or WriteProcessMemory request was completed. (0x12B)
[0706/004637.528:ERROR:process_memory_win.cc(73)] ReadMemory at 0x5beb3fe000 of 8192 bytes failed: Only part of a ReadProcessMemory or WriteProcessMemory request was completed. (0x12B)
[0706/004637.528:ERROR:process_memory_win.cc(73)] ReadMemory at 0x5beb5fd000 of 12288 bytes failed: Only part of a ReadProcessMemory or WriteProcessMemory request was completed. (0x12B)
[0706/004637.528:ERROR:process_memory_win.cc(73)] ReadMemory at 0x5beb7fb000 of 20480 bytes failed: Only part of a ReadProcessMemory or WriteProcessMemory request was completed. (0x12B)
[0706/004637.528:ERROR:process_memory_win.cc(73)] ReadMemory at 0x5bebbf2000 of 57344 bytes failed: Only part of a ReadProcessMemory or WriteProcessMemory request was completed. (0x12B)
[0706/004637.529:ERROR:process_memory_win.cc(73)] ReadMemory at 0x5bebdf3000 of 53248 bytes failed: Only part of a ReadProcessMemory or WriteProcessMemory request was completed. (0x12B)
[0706/004637.529:ERROR:process_memory_win.cc(73)] ReadMemory at 0x5bebffc000 of 16384 bytes failed: Only part of a ReadProcessMemory or WriteProcessMemory request was completed. (0x12B)
[0706/004637.609:ERROR:process_memory_win.cc(73)] ReadMemory at 0x5bec7fc000 of 16384 bytes failed: Only part of a ReadProcessMemory or WriteProcessMemory request was completed. (0x12B)
[0706/004637.610:ERROR:process_memory_win.cc(73)] ReadMemory at 0x5bec9fb000 of 20480 bytes failed: Only part of a ReadProcessMemory or WriteProcessMemory request was completed. (0x12B)
[0706/004637.610:ERROR:process_memory_win.cc(73)] ReadMemory at 0x5becbfd000 of 12288 bytes failed: Only part of a ReadProcessMemory or WriteProcessMemory request was completed. (0x12B)
[0706/004637.611:ERROR:process_memory_win.cc(73)] ReadMemory at 0x5becdfb000 of 20480 bytes failed: Only part of a ReadProcessMemory or WriteProcessMemory request was completed. (0x12B)
[0706/004637.611:ERROR:process_memory_win.cc(73)] ReadMemory at 0x5beb9fc000 of 16384 bytes failed: Only part of a ReadProcessMemory or WriteProcessMemory request was completed. (0x12B)
[0706/004637.712:ERROR:process_memory_win.cc(73)] ReadMemory at 0x5bea9f9000 of 28672 bytes failed: Only part of a ReadProcessMemory or WriteProcessMemory request was completed. (0x12B)
[0706/004637.712:ERROR:process_memory_win.cc(73)] ReadMemory at 0x5beadfd000 of 12288 bytes failed: Only part of a ReadProcessMemory or WriteProcessMemory request was completed. (0x12B)
[0706/004637.713:ERROR:process_memory_win.cc(73)] ReadMemory at 0x5bec1fe000 of 8192 bytes failed: Only part of a ReadProcessMemory or WriteProcessMemory request was completed. (0x12B)
[0706/004637.713:ERROR:process_memory_win.cc(73)] ReadMemory at 0x5bea4a1000 of 852 bytes failed: Only part of a ReadProcessMemory or WriteProcessMemory request was completed. (0x12B)
[0706/004637.713:ERROR:process_memory_win.cc(73)] ReadMemory at 0x5bea4a2000 of 6024 bytes failed: Only part of a ReadProcessMemory or WriteProcessMemory request was completed. (0x12B)
[0706/004637.714:ERROR:process_memory_win.cc(73)] ReadMemory at 0x5bea4a6000 of 6024 bytes failed: Only part of a ReadProcessMemory or WriteProcessMemory request was completed. (0x12B)
[0706/004637.714:ERROR:process_memory_win.cc(73)] ReadMemory at 0x5bea4aa000 of 6024 bytes failed: Only part of a ReadProcessMemory or WriteProcessMemory request was completed. (0x12B)
[0706/004637.714:ERROR:process_memory_win.cc(73)] ReadMemory at 0x5bea4ac000 of 6024 bytes failed: Only part of a ReadProcessMemory or WriteProcessMemory request was completed. (0x12B)
[0706/004637.714:ERROR:process_memory_win.cc(73)] ReadMemory at 0x5bea4ae000 of 6024 bytes failed: Only part of a ReadProcessMemory or WriteProcessMemory request was completed. (0x12B)
[0706/004637.714:ERROR:process_memory_win.cc(73)] ReadMemory at 0x5bea4b0000 of 6024 bytes failed: Only part of a ReadProcessMemory or WriteProcessMemory request was completed. (0x12B)
[0706/004637.715:ERROR:process_memory_win.cc(73)] ReadMemory at 0x5bea4b2000 of 6024 bytes failed: Only part of a ReadProcessMemory or WriteProcessMemory request was completed. (0x12B)
[0706/004637.715:ERROR:process_memory_win.cc(73)] ReadMemory at 0x5bea4b6000 of 6024 bytes failed: Only part of a ReadProcessMemory or WriteProcessMemory request was completed. (0x12B)
[0706/004637.715:ERROR:process_memory_win.cc(73)] ReadMemory at 0x5bea4b8000 of 6024 bytes failed: Only part of a ReadProcessMemory or WriteProcessMemory request was completed. (0x12B)
[0706/004637.715:ERROR:process_memory_win.cc(73)] ReadMemory at 0x5bea4ba000 of 6024 bytes failed: Only part of a ReadProcessMemory or WriteProcessMemory request was completed. (0x12B)
[0706/004637.716:ERROR:process_memory_win.cc(73)] ReadMemory at 0x5bea4c4000 of 6024 bytes failed: Only part of a ReadProcessMemory or WriteProcessMemory request was completed. (0x12B)
[0706/004637.716:ERROR:process_memory_win.cc(73)] ReadMemory at 0x5bea4c6000 of 6024 bytes failed: Only part of a ReadProcessMemory or WriteProcessMemory request was completed. (0x12B)
[0706/004637.716:ERROR:process_memory_win.cc(73)] ReadMemory at 0x5bea4c8000 of 6024 bytes failed: Only part of a ReadProcessMemory or WriteProcessMemory request was completed. (0x12B)
[0706/004637.716:ERROR:process_memory_win.cc(73)] ReadMemory at 0x5bea4ca000 of 6024 bytes failed: Only part of a ReadProcessMemory or WriteProcessMemory request was completed. (0x12B)
[0706/004637.717:ERROR:process_memory_win.cc(73)] ReadMemory at 0x5bea514000 of 6024 bytes failed: Only part of a ReadProcessMemory or WriteProcessMemory request was completed. (0x12B)
[0706/004637.717:ERROR:process_memory_win.cc(73)] ReadMemory at 0x5bea526000 of 6024 bytes failed: Only part of a ReadProcessMemory or WriteProcessMemory request was completed. (0x12B)
[0706/004637.717:ERROR:process_memory_win.cc(73)] ReadMemory at 0x5bea52a000 of 6024 bytes failed: Only part of a ReadProcessMemory or WriteProcessMemory request was completed. (0x12B)
[0706/004637.717:ERROR:process_memory_win.cc(73)] ReadMemory at 0x5bea52c000 of 6024 bytes failed: Only part of a ReadProcessMemory or WriteProcessMemory request was completed. (0x12B)
[0706/004637.718:ERROR:process_memory_win.cc(73)] ReadMemory at 0x2280002ff80 of 512 bytes failed: Only part of a ReadProcessMemory or WriteProcessMemory request was completed. (0x12B)
[0706/004637.718:ERROR:process_memory_win.cc(73)] ReadMemory at 0x22801c77938 of 512 bytes failed: Only part of a ReadProcessMemory or WriteProcessMemory request was completed. (0x12B)
[0706/004637.718:ERROR:process_memory_win.cc(73)] ReadMemory at 0x2280239e000 of 416 bytes failed: Only part of a ReadProcessMemory or WriteProcessMemory request was completed. (0x12B)
[0706/004637.718:ERROR:process_memory_win.cc(73)] ReadMemory at 0x228055eb2f0 of 512 bytes failed: Only part of a ReadProcessMemory or WriteProcessMemory request was completed. (0x12B)
[0706/004637.718:ERROR:process_memory_win.cc(73)] ReadMemory at 0x22870ad0fc0 of 4942 bytes failed: Only part of a ReadProcessMemory or WriteProcessMemory request was completed. (0x12B)
[0706/004637.718:ERROR:process_memory_win.cc(73)] ReadMemory at 0x22870ad2320 of 1012 bytes failed: Only part of a ReadProcessMemory or WriteProcessMemory request was completed. (0x12B)
[0706/004637.719:ERROR:process_memory_win.cc(73)] ReadMemory at 0x22870ad2938 of 118 bytes failed: Only part of a ReadProcessMemory or WriteProcessMemory request was completed. (0x12B)
[0706/004637.719:ERROR:process_memory_win.cc(73)] ReadMemory at 0x22870ad29b0 of 1000 bytes failed: Only part of a ReadProcessMemory or WriteProcessMemory request was completed. (0x12B)
[0706/004637.719:ERROR:process_memory_win.cc(73)] ReadMemory at 0x22870ad2d9a of 118 bytes failed: Only part of a ReadProcessMemory or WriteProcessMemory request was completed. (0x12B)
[0706/004637.719:ERROR:process_memory_win.cc(73)] ReadMemory at 0x22870ad2e12 of 94 bytes failed: Only part of a ReadProcessMemory or WriteProcessMemory request was completed. (0x12B)
[0706/004637.719:ERROR:process_memory_win.cc(73)] ReadMemory at 0x22870ad2e80 of 58 bytes failed: Only part of a ReadProcessMemory or WriteProcessMemory request was completed. (0x12B)
[0706/004637.719:ERROR:process_memory_win.cc(73)] ReadMemory at 0x22870ad2f80 of 132 bytes failed: Only part of a ReadProcessMemory or WriteProcessMemory request was completed. (0x12B)
[0706/004637.719:ERROR:process_memory_win.cc(73)] ReadMemory at 0x22870ad3110 of 132 bytes failed: Only part of a ReadProcessMemory or WriteProcessMemory request was completed. (0x12B)
[0706/004637.720:ERROR:process_memory_win.cc(73)] ReadMemory at 0x22870ad32d0 of 126 bytes failed: Only part of a ReadProcessMemory or WriteProcessMemory request was completed. (0x12B)
[0706/004637.720:ERROR:process_memory_win.cc(73)] ReadMemory at 0x22870ad36b0 of 132 bytes failed: Only part of a ReadProcessMemory or WriteProcessMemory request was completed. (0x12B)
[0706/004637.720:ERROR:process_memory_win.cc(73)] ReadMemory at 0x22870ad3840 of 64 bytes failed: Only part of a ReadProcessMemory or WriteProcessMemory request was completed. (0x12B)
[0706/004637.720:ERROR:process_memory_win.cc(73)] ReadMemory at 0x22870ad3c90 of 132 bytes failed: Only part of a ReadProcessMemory or WriteProcessMemory request was completed. (0x12B)
[0706/004637.720:ERROR:process_memory_win.cc(73)] ReadMemory at 0x22870ad3e20 of 68 bytes failed: Only part of a ReadProcessMemory or WriteProcessMemory request was completed. (0x12B)
[0706/004637.720:ERROR:process_memory_win.cc(73)] ReadMemory at 0x22870ad4c50 of 132 bytes failed: Only part of a ReadProcessMemory or WriteProcessMemory request was completed. (0x12B)
[0706/004637.720:ERROR:process_memory_win.cc(73)] ReadMemory at 0x22870ad4d80 of 132 bytes failed: Only part of a ReadProcessMemory or WriteProcessMemory request was completed. (0x12B)
[0706/004637.720:ERROR:process_memory_win.cc(73)] ReadMemory at 0x22870ad4e80 of 512 bytes failed: Only part of a ReadProcessMemory or WriteProcessMemory request was completed. (0x12B)
[0706/004637.720:ERROR:process_memory_win.cc(73)] ReadMemory at 0x22870ad52b0 of 132 bytes failed: Only part of a ReadProcessMemory or WriteProcessMemory request was completed. (0x12B)
[0706/004637.720:ERROR:process_memory_win.cc(73)] ReadMemory at 0x22870ad5440 of 60 bytes failed: Only part of a ReadProcessMemory or WriteProcessMemory request was completed. (0x12B)
[0706/004637.720:ERROR:process_memory_win.cc(73)] ReadMemory at 0x22870ad5690 of 132 bytes failed: Only part of a ReadProcessMemory or WriteProcessMemory request was completed. (0x12B)
[0706/004637.721:ERROR:process_memory_win.cc(73)] ReadMemory at 0x22870ad5820 of 64 bytes failed: Only part of a ReadProcessMemory or WriteProcessMemory request was completed. (0x12B)
[0706/004637.721:ERROR:process_memory_win.cc(73)] ReadMemory at 0x22870ad5aa0 of 132 bytes failed: Only part of a ReadProcessMemory or WriteProcessMemory request was completed. (0x12B)
[0706/004637.721:ERROR:process_memory_win.cc(73)] ReadMemory at 0x22870ad5c30 of 64 bytes failed: Only part of a ReadProcessMemory or WriteProcessMemory request was completed. (0x12B)
[0706/004637.721:ERROR:process_memory_win.cc(73)] ReadMemory at 0x22870ad5e90 of 132 bytes failed: Only part of a ReadProcessMemory or WriteProcessMemory request was completed. (0x12B)
[0706/004637.721:ERROR:process_memory_win.cc(73)] ReadMemory at 0x22870ad6030 of 60 bytes failed: Only part of a ReadProcessMemory or WriteProcessMemory request was completed. (0x12B)
[0706/004637.721:ERROR:process_memory_win.cc(73)] ReadMemory at 0x22870ad6350 of 132 bytes failed: Only part of a ReadProcessMemory or WriteProcessMemory request was completed. (0x12B)
[0706/004637.721:ERROR:process_memory_win.cc(73)] ReadMemory at 0x22870ad64e0 of 60 bytes failed: Only part of a ReadProcessMemory or WriteProcessMemory request was completed. (0x12B)
[0706/004637.721:ERROR:process_memory_win.cc(73)] ReadMemory at 0x22870ad6720 of 132 bytes failed: Only part of a ReadProcessMemory or WriteProcessMemory request was completed. (0x12B)
[0706/004637.721:ERROR:process_memory_win.cc(73)] ReadMemory at 0x22870ad68b0 of 62 bytes failed: Only part of a ReadProcessMemory or WriteProcessMemory request was completed. (0x12B)
[0706/004637.721:ERROR:process_memory_win.cc(73)] ReadMemory at 0x22870ad6c20 of 132 bytes failed: Only part of a ReadProcessMemory or WriteProcessMemory request was completed. (0x12B)
[0706/004637.721:ERROR:process_memory_win.cc(73)] ReadMemory at 0x22870ad6db0 of 80 bytes failed: Only part of a ReadProcessMemory or WriteProcessMemory request was completed. (0x12B)
[0706/004637.722:ERROR:process_memory_win.cc(73)] ReadMemory at 0x22870ad93f0 of 132 bytes failed: Only part of a ReadProcessMemory or WriteProcessMemory request was completed. (0x12B)
[0706/004637.722:ERROR:process_memory_win.cc(73)] ReadMemory at 0x22870ad9630 of 78 bytes failed: Only part of a ReadProcessMemory or WriteProcessMemory request was completed. (0x12B)
[0706/004637.722:ERROR:process_memory_win.cc(73)] ReadMemory at 0x22870ad9930 of 76 bytes failed: Only part of a ReadProcessMemory or WriteProcessMemory request was completed. (0x12B)
[0706/004637.722:ERROR:process_memory_win.cc(73)] ReadMemory at 0x22870ada2d0 of 246 bytes failed: Only part of a ReadProcessMemory or WriteProcessMemory request was completed. (0x12B)
[0706/004637.722:ERROR:process_memory_win.cc(73)] ReadMemory at 0x22870ada950 of 132 bytes failed: Only part of a ReadProcessMemory or WriteProcessMemory request was completed. (0x12B)
[0706/004637.722:ERROR:process_memory_win.cc(73)] ReadMemory at 0x22870adaa80 of 64 bytes failed: Only part of a ReadProcessMemory or WriteProcessMemory request was completed. (0x12B)
[0706/004637.722:ERROR:process_memory_win.cc(73)] ReadMemory at 0x22870adacf0 of 132 bytes failed: Only part of a ReadProcessMemory or WriteProcessMemory request was completed. (0x12B)
[0706/004637.722:ERROR:process_memory_win.cc(73)] ReadMemory at 0x22870adae20 of 62 bytes failed: Only part of a ReadProcessMemory or WriteProcessMemory request was completed. (0x12B)
[0706/004637.722:ERROR:process_memory_win.cc(73)] ReadMemory at 0x22870adb050 of 132 bytes failed: Only part of a ReadProcessMemory or WriteProcessMemory request was completed. (0x12B)
[0706/004637.722:ERROR:process_memory_win.cc(73)] ReadMemory at 0x22870adb180 of 62 bytes failed: Only part of a ReadProcessMemory or WriteProcessMemory request was completed. (0x12B)
[0706/004637.723:ERROR:process_memory_win.cc(73)] ReadMemory at 0x22870adb480 of 132 bytes failed: Only part of a ReadProcessMemory or WriteProcessMemory request was completed. (0x12B)
[0706/004637.723:ERROR:process_memory_win.cc(73)] ReadMemory at 0x22870adb5b0 of 132 bytes failed: Only part of a ReadProcessMemory or WriteProcessMemory request was completed. (0x12B)
[0706/004637.723:ERROR:process_memory_win.cc(73)] ReadMemory at 0x22870adb6e0 of 132 bytes failed: Only part of a ReadProcessMemory or WriteProcessMemory request was completed. (0x12B)
[0706/004637.723:ERROR:process_memory_win.cc(73)] ReadMemory at 0x22870adb810 of 132 bytes failed: Only part of a ReadProcessMemory or WriteProcessMemory request was completed. (0x12B)
[0706/004637.723:ERROR:process_memory_win.cc(73)] ReadMemory at 0x22870adb940 of 132 bytes failed: Only part of a ReadProcessMemory or WriteProcessMemory request was completed. (0x12B)
[0706/004637.723:ERROR:process_memory_win.cc(73)] ReadMemory at 0x22870adba70 of 132 bytes failed: Only part of a ReadProcessMemory or WriteProcessMemory request was completed. (0x12B)
[0706/004637.723:ERROR:process_memory_win.cc(73)] ReadMemory at 0x22870adbba0 of 132 bytes failed: Only part of a ReadProcessMemory or WriteProcessMemory request was completed. (0x12B)
[0706/004637.723:ERROR:process_memory_win.cc(73)] ReadMemory at 0x22870adbcd0 of 132 bytes failed: Only part of a ReadProcessMemory or WriteProcessMemory request was completed. (0x12B)
[0706/004637.723:ERROR:process_memory_win.cc(73)] ReadMemory at 0x22870adbe00 of 132 bytes failed: Only part of a ReadProcessMemory or WriteProcessMemory request was completed. (0x12B)
[0706/004637.723:ERROR:process_memory_win.cc(73)] ReadMemory at 0x22870adbf30 of 132 bytes failed: Only part of a ReadProcessMemory or WriteProcessMemory request was completed. (0x12B)
[0706/004637.784:ERROR:process_memory_win.cc(73)] ReadMemory at 0x22870adc190 of 132 bytes failed: Only part of a ReadProcessMemory or WriteProcessMemory request was completed. (0x12B)
[0706/004637.784:ERROR:process_memory_win.cc(73)] ReadMemory at 0x22870adc2c0 of 132 bytes failed: Only part of a ReadProcessMemory or WriteProcessMemory request was completed. (0x12B)
[0706/004637.784:ERROR:process_memory_win.cc(73)] ReadMemory at 0x22870adc4e0 of 62 bytes failed: Only part of a ReadProcessMemory or WriteProcessMemory request was completed. (0x12B)
[0706/004637.784:ERROR:process_memory_win.cc(73)] ReadMemory at 0x22870adc580 of 66 bytes failed: Only part of a ReadProcessMemory or WriteProcessMemory request was completed. (0x12B)
[0706/004637.784:ERROR:process_memory_win.cc(73)] ReadMemory at 0x22870adc5d0 of 58 bytes failed: Only part of a ReadProcessMemory or WriteProcessMemory request was completed. (0x12B)
[0706/004637.784:ERROR:process_memory_win.cc(73)] ReadMemory at 0x22870adc620 of 66 bytes failed: Only part of a ReadProcessMemory or WriteProcessMemory request was completed. (0x12B)
[0706/004637.784:ERROR:process_memory_win.cc(73)] ReadMemory at 0x22870adc670 of 60 bytes failed: Only part of a ReadProcessMemory or WriteProcessMemory request was completed. (0x12B)
[0706/004637.784:ERROR:process_memory_win.cc(73)] ReadMemory at 0x22870adc6c0 of 62 bytes failed: Only part of a ReadProcessMemory or WriteProcessMemory request was completed. (0x12B)
[0706/004637.784:ERROR:process_memory_win.cc(73)] ReadMemory at 0x22870adc710 of 64 bytes failed: Only part of a ReadProcessMemory or WriteProcessMemory request was completed. (0x12B)
[0706/004637.785:ERROR:process_memory_win.cc(73)] ReadMemory at 0x22870adc7b0 of 66 bytes failed: Only part of a ReadProcessMemory or WriteProcessMemory request was completed. (0x12B)
[0706/004637.785:ERROR:process_memory_win.cc(73)] ReadMemory at 0x22870adc800 of 58 bytes failed: Only part of a ReadProcessMemory or WriteProcessMemory request was completed. (0x12B)
[0706/004637.785:ERROR:process_memory_win.cc(73)] ReadMemory at 0x22870adc8a0 of 60 bytes failed: Only part of a ReadProcessMemory or WriteProcessMemory request was completed. (0x12B)
[0706/004637.785:ERROR:process_memory_win.cc(73)] ReadMemory at 0x22870adc8f0 of 62 bytes failed: Only part of a ReadProcessMemory or WriteProcessMemory request was completed. (0x12B)
[0706/004637.785:ERROR:process_memory_win.cc(73)] ReadMemory at 0x22870adc9e0 of 60 bytes failed: Only part of a ReadProcessMemory or WriteProcessMemory request was completed. (0x12B)
[0706/004637.785:ERROR:process_memory_win.cc(73)] ReadMemory at 0x22870adcbc0 of 66 bytes failed: Only part of a ReadProcessMemory or WriteProcessMemory request was completed. (0x12B)
[0706/004637.871:ERROR:process_memory_win.cc(73)] ReadMemory at 0x22870ade570 of 154 bytes failed: Only part of a ReadProcessMemory or WriteProcessMemory request was completed. (0x12B)
[0706/004637.871:ERROR:process_memory_win.cc(73)] ReadMemory at 0x22870ae0e40 of 158 bytes failed: Only part of a ReadProcessMemory or WriteProcessMemory request was completed. (0x12B)
[0706/004637.871:ERROR:process_memory_win.cc(73)] ReadMemory at 0x22870ae0f50 of 132 bytes failed: Only part of a ReadProcessMemory or WriteProcessMemory request was completed. (0x12B)
[0706/004637.871:ERROR:process_memory_win.cc(73)] ReadMemory at 0x22870ae1080 of 132 bytes failed: Only part of a ReadProcessMemory or WriteProcessMemory request was completed. (0x12B)
[0706/004637.872:ERROR:process_memory_win.cc(73)] ReadMemory at 0x22870ae11b0 of 132 bytes failed: Only part of a ReadProcessMemory or WriteProcessMemory request was completed. (0x12B)
[0706/004637.872:ERROR:process_memory_win.cc(73)] ReadMemory at 0x22870ae12e0 of 132 bytes failed: Only part of a ReadProcessMemory or WriteProcessMemory request was completed. (0x12B)
[0706/004637.872:ERROR:process_memory_win.cc(73)] ReadMemory at 0x22870ae1410 of 132 bytes failed: Only part of a ReadProcessMemory or WriteProcessMemory request was completed. (0x12B)
[0706/004637.873:ERROR:process_memory_win.cc(73)] ReadMemory at 0x22870ae1540 of 132 bytes failed: Only part of a ReadProcessMemory or WriteProcessMemory request was completed. (0x12B)
[0706/004637.873:ERROR:process_memory_win.cc(73)] ReadMemory at 0x22870ae1670 of 132 bytes failed: Only part of a ReadProcessMemory or WriteProcessMemory request was completed. (0x12B)
[0706/004637.873:ERROR:process_memory_win.cc(73)] ReadMemory at 0x22870ae17a0 of 132 bytes failed: Only part of a ReadProcessMemory or WriteProcessMemory request was completed. (0x12B)
[0706/004637.873:ERROR:process_memory_win.cc(73)] ReadMemory at 0x22870ae18d0 of 132 bytes failed: Only part of a ReadProcessMemory or WriteProcessMemory request was completed. (0x12B)
[0706/004637.873:ERROR:process_memory_win.cc(73)] ReadMemory at 0x22870ae1a00 of 132 bytes failed: Only part of a ReadProcessMemory or WriteProcessMemory request was completed. (0x12B)
[0706/004637.874:ERROR:process_memory_win.cc(73)] ReadMemory at 0x22870ae1b30 of 132 bytes failed: Only part of a ReadProcessMemory or WriteProcessMemory request was completed. (0x12B)
[0706/004637.874:ERROR:process_memory_win.cc(73)] ReadMemory at 0x22870ae1c60 of 132 bytes failed: Only part of a ReadProcessMemory or WriteProcessMemory request was completed. (0x12B)
[0706/004637.874:ERROR:process_memory_win.cc(73)] ReadMemory at 0x22870ae1d90 of 132 bytes failed: Only part of a ReadProcessMemory or WriteProcessMemory request was completed. (0x12B)
[0706/004637.874:ERROR:process_memory_win.cc(73)] ReadMemory at 0x22870ae1ec0 of 132 bytes failed: Only part of a ReadProcessMemory or WriteProcessMemory request was completed. (0x12B)
[0706/004637.874:ERROR:process_memory_win.cc(73)] ReadMemory at 0x22870ae1ff0 of 132 bytes failed: Only part of a ReadProcessMemory or WriteProcessMemory request was completed. (0x12B)
[0706/004637.875:ERROR:process_memory_win.cc(73)] ReadMemory at 0x22870ae2250 of 132 bytes failed: Only part of a ReadProcessMemory or WriteProcessMemory request was completed. (0x12B)
[0706/004637.875:ERROR:process_memory_win.cc(73)] ReadMemory at 0x22870ae2380 of 132 bytes failed: Only part of a ReadProcessMemory or WriteProcessMemory request was completed. (0x12B)
[0706/004637.875:ERROR:process_memory_win.cc(73)] ReadMemory at 0x22870ae24b0 of 132 bytes failed: Only part of a ReadProcessMemory or WriteProcessMemory request was completed. (0x12B)
[0706/004637.875:ERROR:process_memory_win.cc(73)] ReadMemory at 0x22870ae25e0 of 132 bytes failed: Only part of a ReadProcessMemory or WriteProcessMemory request was completed. (0x12B)
[0706/004637.876:ERROR:process_memory_win.cc(73)] ReadMemory at 0x22870ae2710 of 132 bytes failed: Only part of a ReadProcessMemory or WriteProcessMemory request was completed. (0x12B)
[0706/004637.876:ERROR:process_memory_win.cc(73)] ReadMemory at 0x22870ae2840 of 132 bytes failed: Only part of a ReadProcessMemory or WriteProcessMemory request was completed. (0x12B)
[0706/004637.876:ERROR:process_memory_win.cc(73)] ReadMemory at 0x22870ae2970 of 132 bytes failed: Only part of a ReadProcessMemory or WriteProcessMemory request was completed. (0x12B)
[0706/004637.876:ERROR:process_memory_win.cc(73)] ReadMemory at 0x22870ae2aa0 of 132 bytes failed: Only part of a ReadProcessMemory or WriteProcessMemory request was completed. (0x12B)
[0706/004637.877:ERROR:process_memory_win.cc(73)] ReadMemory at 0x22870ae2bd0 of 132 bytes failed: Only part of a ReadProcessMemory or WriteProcessMemory request was completed. (0x12B)
[0706/004637.877:ERROR:process_memory_win.cc(73)] ReadMemory at 0x22870ae2d00 of 132 bytes failed: Only part of a ReadProcessMemory or WriteProcessMemory request was completed. (0x12B)
[0706/004637.877:ERROR:process_memory_win.cc(73)] ReadMemory at 0x22870ae4d50 of 80 bytes failed: Only part of a ReadProcessMemory or WriteProcessMemory request was completed. (0x12B)
[0706/004637.877:ERROR:process_memory_win.cc(73)] ReadMemory at 0x22870ae5cf0 of 58 bytes failed: Only part of a ReadProcessMemory or WriteProcessMemory request was completed. (0x12B)
[0706/004637.878:ERROR:process_memory_win.cc(73)] ReadMemory at 0x22870ae5de0 of 64 bytes failed: Only part of a ReadProcessMemory or WriteProcessMemory request was completed. (0x12B)
[0706/004637.878:ERROR:process_memory_win.cc(73)] ReadMemory at 0x22870ae5f20 of 60 bytes failed: Only part of a ReadProcessMemory or WriteProcessMemory request was completed. (0x12B)
[0706/004637.878:ERROR:process_memory_win.cc(73)] ReadMemory at 0x22870ae5fc0 of 58 bytes failed: Only part of a ReadProcessMemory or WriteProcessMemory request was completed. (0x12B)
[0706/004637.878:ERROR:process_memory_win.cc(73)] ReadMemory at 0x22870ae6010 of 64 bytes failed: Only part of a ReadProcessMemory or WriteProcessMemory request was completed. (0x12B)
[0706/004637.878:ERROR:process_memory_win.cc(73)] ReadMemory at 0x22870ae60b0 of 64 bytes failed: Only part of a ReadProcessMemory or WriteProcessMemory request was completed. (0x12B)
[0706/004637.879:ERROR:process_memory_win.cc(73)] ReadMemory at 0x22870ae6100 of 60 bytes failed: Only part of a ReadProcessMemory or WriteProcessMemory request was completed. (0x12B)
[0706/004637.879:ERROR:process_memory_win.cc(73)] ReadMemory at 0x22870ae61a0 of 62 bytes failed: Only part of a ReadProcessMemory or WriteProcessMemory request was completed. (0x12B)
[0706/004637.879:ERROR:process_memory_win.cc(73)] ReadMemory at 0x22870ae65b0 of 60 bytes failed: Only part of a ReadProcessMemory or WriteProcessMemory request was completed. (0x12B)
[0706/004637.879:ERROR:process_memory_win.cc(73)] ReadMemory at 0x22870ae6650 of 64 bytes failed: Only part of a ReadProcessMemory or WriteProcessMemory request was completed. (0x12B)
[0706/004637.880:ERROR:process_memory_win.cc(73)] ReadMemory at 0x22870aec0a0 of 54 bytes failed: Only part of a ReadProcessMemory or WriteProcessMemory request was completed. (0x12B)
[0706/004637.880:ERROR:process_memory_win.cc(73)] ReadMemory at 0x22870af4a80 of 62 bytes failed: Only part of a ReadProcessMemory or WriteProcessMemory request was completed. (0x12B)
[0706/004637.880:ERROR:process_memory_win.cc(73)] ReadMemory at 0x22870af4c60 of 62 bytes failed: Only part of a ReadProcessMemory or WriteProcessMemory request was completed. (0x12B)
[0706/004637.880:ERROR:process_memory_win.cc(73)] ReadMemory at 0x22870af4e90 of 64 bytes failed: Only part of a ReadProcessMemory or WriteProcessMemory request was completed. (0x12B)
[0706/004637.880:ERROR:process_memory_win.cc(73)] ReadMemory at 0x22870af4f30 of 64 bytes failed: Only part of a ReadProcessMemory or WriteProcessMemory request was completed. (0x12B)
[0706/004637.880:ERROR:process_memory_win.cc(73)] ReadMemory at 0x22870af4f80 of 56 bytes failed: Only part of a ReadProcessMemory or WriteProcessMemory request was completed. (0x12B)
[0706/004637.881:ERROR:process_memory_win.cc(73)] ReadMemory at 0x22870af5070 of 58 bytes failed: Only part of a ReadProcessMemory or WriteProcessMemory request was completed. (0x12B)
[0706/004637.881:ERROR:process_memory_win.cc(73)] ReadMemory at 0x22870af5200 of 64 bytes failed: Only part of a ReadProcessMemory or WriteProcessMemory request was completed. (0x12B)
[0706/004637.881:ERROR:process_memory_win.cc(73)] ReadMemory at 0x22870af5250 of 62 bytes failed: Only part of a ReadProcessMemory or WriteProcessMemory request was completed. (0x12B)
[0706/004637.881:ERROR:process_memory_win.cc(73)] ReadMemory at 0x22870af5480 of 60 bytes failed: Only part of a ReadProcessMemory or WriteProcessMemory request was completed. (0x12B)
[0706/004637.881:ERROR:process_memory_win.cc(73)] ReadMemory at 0x22870af54d0 of 60 bytes failed: Only part of a ReadProcessMemory or WriteProcessMemory request was completed. (0x12B)
[0706/004637.882:ERROR:process_memory_win.cc(73)] ReadMemory at 0x22870af55c0 of 62 bytes failed: Only part of a ReadProcessMemory or WriteProcessMemory request was completed. (0x12B)
[0706/004637.882:ERROR:process_memory_win.cc(73)] ReadMemory at 0x22870af57f0 of 60 bytes failed: Only part of a ReadProcessMemory or WriteProcessMemory request was completed. (0x12B)
[0706/004637.882:ERROR:process_memory_win.cc(73)] ReadMemory at 0x22870af5840 of 64 bytes failed: Only part of a ReadProcessMemory or WriteProcessMemory request was completed. (0x12B)
[0706/004637.882:ERROR:process_memory_win.cc(73)] ReadMemory at 0x22870af5930 of 62 bytes failed: Only part of a ReadProcessMemory or WriteProcessMemory request was completed. (0x12B)
[0706/004637.883:ERROR:process_memory_win.cc(73)] ReadMemory at 0x22870af61b0 of 132 bytes failed: Only part of a ReadProcessMemory or WriteProcessMemory request was completed. (0x12B)
[0706/004637.883:ERROR:process_memory_win.cc(73)] ReadMemory at 0x22870af67a0 of 132 bytes failed: Only part of a ReadProcessMemory or WriteProcessMemory request was completed. (0x12B)
[0706/004637.883:ERROR:process_memory_win.cc(73)] ReadMemory at 0x22870af7380 of 132 bytes failed: Only part of a ReadProcessMemory or WriteProcessMemory request was completed. (0x12B)
[0706/004637.883:ERROR:process_memory_win.cc(73)] ReadMemory at 0x22870af74b0 of 132 bytes failed: Only part of a ReadProcessMemory or WriteProcessMemory request was completed. (0x12B)
[0706/004637.883:ERROR:process_memory_win.cc(73)] ReadMemory at 0x22870af7840 of 132 bytes failed: Only part of a ReadProcessMemory or WriteProcessMemory request was completed. (0x12B)
[0706/004637.884:ERROR:process_memory_win.cc(73)] ReadMemory at 0x22870b089d0 of 512 bytes failed: Only part of a ReadProcessMemory or WriteProcessMemory request was completed. (0x12B)
[0706/004637.884:ERROR:process_memory_win.cc(73)] ReadMemory at 0x22870fe2580 of 512 bytes failed: Only part of a ReadProcessMemory or WriteProcessMemory request was completed. (0x12B)
[0706/004637.884:ERROR:process_memory_win.cc(73)] ReadMemory at 0x22871012040 of 712 bytes failed: Only part of a ReadProcessMemory or WriteProcessMemory request was completed. (0x12B)
[0706/004637.884:ERROR:process_memory_win.cc(73)] ReadMemory at 0x22871021e60 of 512 bytes failed: Only part of a ReadProcessMemory or WriteProcessMemory request was completed. (0x12B)
[0706/004637.885:ERROR:process_memory_win.cc(73)] ReadMemory at 0x22871022540 of 512 bytes failed: Only part of a ReadProcessMemory or WriteProcessMemory request was completed. (0x12B)
[0706/004638.006:ERROR:process_memory_win.cc(73)] ReadMemory at 0x22871022750 of 512 bytes failed: Only part of a ReadProcessMemory or WriteProcessMemory request was completed. (0x12B)
[0706/004638.352:ERROR:process_memory_win.cc(73)] ReadMemory at 0x22872eeb4f8 of 512 bytes failed: Only part of a ReadProcessMemory or WriteProcessMemory request was completed. (0x12B)
[0706/004638.352:ERROR:process_memory_win.cc(73)] ReadMemory at 0x2287318c620 of 512 bytes failed: Only part of a ReadProcessMemory or WriteProcessMemory request was completed. (0x12B)
[0706/004638.501:ERROR:process_memory_win.cc(73)] ReadMemory at 0x22874896330 of 560 bytes failed: Only part of a ReadProcessMemory or WriteProcessMemory request was completed. (0x12B)
[0706/004638.501:ERROR:process_memory_win.cc(73)] ReadMemory at 0x22875a1b0b0 of 512 bytes failed: Only part of a ReadProcessMemory or WriteProcessMemory request was completed. (0x12B)
[0706/004638.501:ERROR:process_memory_win.cc(73)] ReadMemory at 0x22875e7ccd0 of 512 bytes failed: Only part of a ReadProcessMemory or WriteProcessMemory request was completed. (0x12B)
[0706/004638.501:ERROR:process_memory_win.cc(73)] ReadMemory at 0x22877e5ce20 of 512 bytes failed: Only part of a ReadProcessMemory or WriteProcessMemory request was completed. (0x12B)
[0706/004638.502:ERROR:process_memory_win.cc(73)] ReadMemory at 0x228782d5c10 of 512 bytes failed: Only part of a ReadProcessMemory or WriteProcessMemory request was completed. (0x12B)
[0706/004638.502:ERROR:process_memory_win.cc(73)] ReadMemory at 0x10f74aceaeb0 of 528 bytes failed: Only part of a ReadProcessMemory or WriteProcessMemory request was completed. (0x12B)
[0706/004638.502:ERROR:process_memory_win.cc(73)] ReadMemory at 0x1fa525a04000 of 384 bytes failed: Only part of a ReadProcessMemory or WriteProcessMemory request was completed. (0x12B)
[0706/004638.691:ERROR:scoped_process_suspend.cc(40)] NtResumeProcess: An attempt was made to access an exiting process. (0xc000010a)
